{"contracts/DBX.sol":{"l":{"10":117,"14":64,"15":62},"path":"/home/sergiu/Desktop/DEBOX/deb0x-faberweb3/contracts/DBX.sol","s":{"1":117,"2":64,"3":62},"b":{"1":[62,2]},"f":{"1":117,"2":64},"fnMap":{"1":{"name":"constructor","line":9,"loc":{"start":{"line":9,"column":4},"end":{"line":11,"column":4}}},"2":{"name":"mintReward","line":13,"loc":{"start":{"line":13,"column":4},"end":{"line":16,"column":4}}}},"statementMap":{"1":{"start":{"line":10,"column":8},"end":{"line":10,"column":25}},"2":{"start":{"line":14,"column":8},"end":{"line":14,"column":68}},"3":{"start":{"line":15,"column":8},"end":{"line":15,"column":26}}},"branchMap":{"1":{"line":14,"type":"if","locations":[{"start":{"line":14,"column":8},"end":{"line":14,"column":8}},{"start":{"line":14,"column":8},"end":{"line":14,"column":8}}]}}},"contracts/Deb0x.sol":{"l":{"49":111,"50":111,"51":111,"52":111,"53":111,"54":111,"58":282,"59":282,"60":54,"61":54,"62":54,"63":54,"65":282,"69":282,"70":282,"71":54,"72":54,"73":54,"74":54,"75":53,"78":281,"79":171,"80":171,"81":171,"83":171,"84":44,"85":44,"86":44,"87":44,"89":171,"93":281,"94":124,"96":124,"99":281,"100":8,"101":8,"102":8,"103":8,"106":8,"107":8,"109":8,"110":0,"111":0,"112":0,"113":0,"114":0,"117":0,"118":0,"120":0,"121":0,"125":281,"129":174,"130":37,"131":14,"132":14,"133":14,"134":14,"136":37,"138":174,"139":37,"141":37,"151":166,"153":166,"155":166,"157":166,"158":166,"159":166,"161":166,"162":61,"163":61,"166":166,"167":166,"168":166,"170":166,"178":59,"179":59,"180":59,"181":58,"182":58,"183":58,"187":0,"188":0,"190":0,"191":0,"192":0,"193":0,"197":8,"198":8,"199":8,"200":8,"201":8,"202":8,"203":8,"207":45,"208":45,"209":45,"210":45,"211":45,"219":8,"220":8,"221":8,"223":8,"224":8,"227":0,"229":8,"231":8,"239":3,"240":3,"242":3,"244":3,"245":3,"246":3,"248":3,"252":53,"253":53,"257":0,"261":811,"265":110,"269":3,"270":3,"271":3,"272":1,"274":1,"275":0,"278":3},"path":"/home/sergiu/Desktop/DEBOX/deb0x-faberweb3/contracts/Deb0x.sol","s":{"1":111,"2":111,"3":111,"4":111,"5":111,"6":111,"7":282,"8":282,"9":54,"10":54,"11":54,"12":54,"13":282,"14":282,"15":54,"16":54,"17":54,"18":54,"19":53,"20":281,"21":171,"22":171,"23":171,"24":171,"25":44,"26":44,"27":44,"28":44,"29":171,"30":281,"31":124,"32":124,"33":281,"34":8,"35":8,"36":8,"37":8,"38":8,"39":8,"40":8,"41":0,"42":0,"43":0,"44":0,"45":0,"46":0,"47":0,"48":0,"49":0,"50":174,"51":37,"52":14,"53":14,"54":14,"55":14,"56":37,"57":174,"58":37,"59":37,"60":166,"61":166,"62":166,"63":166,"64":166,"65":61,"66":61,"67":166,"68":166,"69":166,"70":166,"71":59,"72":59,"73":59,"74":58,"75":58,"76":58,"77":0,"78":0,"79":0,"80":0,"81":0,"82":0,"83":8,"84":8,"85":8,"86":8,"87":8,"88":8,"89":8,"90":45,"91":45,"92":45,"93":45,"94":45,"95":8,"96":8,"97":8,"98":8,"99":8,"100":0,"101":0,"102":8,"103":8,"104":3,"105":3,"106":3,"107":3,"108":3,"109":3,"110":3,"111":53,"112":53,"113":0,"114":811,"115":110,"116":3,"117":3,"118":3,"119":1,"120":1,"121":0,"122":3},"b":{"1":[54,228],"2":[54,228],"3":[171,110],"4":[171,0],"5":[44,127],"6":[124,157],"7":[8,273],"8":[0,8],"9":[0,0],"10":[37,137],"11":[14,23],"12":[37,137],"13":[61,105],"14":[153,13],"15":[58,1],"16":[0,0],"17":[8,0],"18":[45,0],"19":[8,0],"20":[8,0],"21":[0,0],"22":[3,0],"23":[3,0],"24":[53,0],"25":[1,2],"26":[0,1]},"f":{"1":111,"2":282,"3":282,"4":174,"5":166,"6":59,"7":0,"8":8,"9":45,"10":8,"11":3,"12":53,"13":0,"14":811,"15":110,"16":3},"fnMap":{"1":{"name":"constructor","line":48,"loc":{"start":{"line":48,"column":4},"end":{"line":55,"column":4}}},"2":{"name":"setUpNewCycle","line":57,"loc":{"start":{"line":57,"column":4},"end":{"line":66,"column":4}}},"3":{"name":"notify","line":68,"loc":{"start":{"line":68,"column":4},"end":{"line":126,"column":4}}},"4":{"name":"updateFrontEndStats","line":128,"loc":{"start":{"line":128,"column":4},"end":{"line":143,"column":4}}},"5":{"name":"send","line":149,"loc":{"start":{"line":145,"column":4},"end":{"line":175,"column":4}}},"6":{"name":"claimRewards","line":177,"loc":{"start":{"line":177,"column":4},"end":{"line":184,"column":4}}},"7":{"name":"claimFrontEndRewards","line":186,"loc":{"start":{"line":186,"column":4},"end":{"line":194,"column":4}}},"8":{"name":"claimFrontEndFees","line":196,"loc":{"start":{"line":196,"column":4},"end":{"line":204,"column":4}}},"9":{"name":"claimFees","line":206,"loc":{"start":{"line":206,"column":4},"end":{"line":212,"column":4}}},"10":{"name":"stakeDBX","line":217,"loc":{"start":{"line":214,"column":4},"end":{"line":232,"column":4}}},"11":{"name":"unstake","line":237,"loc":{"start":{"line":234,"column":4},"end":{"line":249,"column":4}}},"12":{"name":"sendViaCall","line":251,"loc":{"start":{"line":251,"column":4},"end":{"line":254,"column":4}}},"13":{"name":"contractBalance","line":256,"loc":{"start":{"line":256,"column":4},"end":{"line":258,"column":4}}},"14":{"name":"getCurrentCycle","line":260,"loc":{"start":{"line":260,"column":4},"end":{"line":262,"column":4}}},"15":{"name":"calculateCycleReward","line":264,"loc":{"start":{"line":264,"column":4},"end":{"line":266,"column":4}}},"16":{"name":"getUserWithdrawableStake","line":268,"loc":{"start":{"line":268,"column":4},"end":{"line":279,"column":4}}}},"statementMap":{"1":{"start":{"line":49,"column":8},"end":{"line":49,"column":22}},"2":{"start":{"line":50,"column":8},"end":{"line":50,"column":43}},"3":{"start":{"line":51,"column":8},"end":{"line":51,"column":32}},"4":{"start":{"line":52,"column":8},"end":{"line":52,"column":38}},"5":{"start":{"line":53,"column":8},"end":{"line":53,"column":40}},"6":{"start":{"line":54,"column":8},"end":{"line":54,"column":37}},"7":{"start":{"line":58,"column":8},"end":{"line":58,"column":48}},"8":{"start":{"line":59,"column":8},"end":{"line":59,"column":2052}},"9":{"start":{"line":60,"column":12},"end":{"line":60,"column":47}},"10":{"start":{"line":61,"column":12},"end":{"line":61,"column":66}},"11":{"start":{"line":62,"column":12},"end":{"line":62,"column":53}},"12":{"start":{"line":63,"column":12},"end":{"line":63,"column":63}},"13":{"start":{"line":69,"column":8},"end":{"line":69,"column":48}},"14":{"start":{"line":70,"column":8},"end":{"line":70,"column":2457}},"15":{"start":{"line":71,"column":12},"end":{"line":71,"column":66}},"16":{"start":{"line":72,"column":12},"end":{"line":72,"column":120}},"17":{"start":{"line":73,"column":12},"end":{"line":73,"column":27}},"18":{"start":{"line":74,"column":12},"end":{"line":74,"column":113}},"19":{"start":{"line":75,"column":12},"end":{"line":75,"column":106}},"20":{"start":{"line":78,"column":8},"end":{"line":78,"column":2964}},"21":{"start":{"line":79,"column":12},"end":{"line":79,"column":158}},"22":{"start":{"line":80,"column":12},"end":{"line":80,"column":3239}},"23":{"start":{"line":81,"column":16},"end":{"line":81,"column":61}},"24":{"start":{"line":83,"column":12},"end":{"line":83,"column":3385}},"25":{"start":{"line":84,"column":16},"end":{"line":84,"column":87}},"26":{"start":{"line":85,"column":16},"end":{"line":85,"column":89}},"27":{"start":{"line":86,"column":16},"end":{"line":86,"column":53}},"28":{"start":{"line":87,"column":16},"end":{"line":87,"column":47}},"29":{"start":{"line":89,"column":12},"end":{"line":89,"column":41}},"30":{"start":{"line":93,"column":8},"end":{"line":93,"column":3805}},"31":{"start":{"line":94,"column":12},"end":{"line":94,"column":3977}},"32":{"start":{"line":96,"column":12},"end":{"line":96,"column":53}},"33":{"start":{"line":99,"column":8},"end":{"line":99,"column":4150}},"34":{"start":{"line":100,"column":12},"end":{"line":100,"column":93}},"35":{"start":{"line":101,"column":12},"end":{"line":101,"column":56}},"36":{"start":{"line":102,"column":12},"end":{"line":102,"column":63}},"37":{"start":{"line":103,"column":12},"end":{"line":103,"column":4575}},"38":{"start":{"line":106,"column":12},"end":{"line":106,"column":67}},"39":{"start":{"line":107,"column":12},"end":{"line":107,"column":38}},"40":{"start":{"line":109,"column":12},"end":{"line":109,"column":4855}},"41":{"start":{"line":110,"column":16},"end":{"line":110,"column":4911}},"42":{"start":{"line":111,"column":24},"end":{"line":111,"column":107}},"43":{"start":{"line":112,"column":24},"end":{"line":112,"column":69}},"44":{"start":{"line":113,"column":24},"end":{"line":113,"column":76}},"45":{"start":{"line":114,"column":24},"end":{"line":114,"column":5354}},"46":{"start":{"line":117,"column":24},"end":{"line":117,"column":80}},"47":{"start":{"line":118,"column":24},"end":{"line":118,"column":51}},"48":{"start":{"line":120,"column":28},"end":{"line":120,"column":77}},"49":{"start":{"line":121,"column":28},"end":{"line":121,"column":55}},"50":{"start":{"line":129,"column":8},"end":{"line":129,"column":5987}},"51":{"start":{"line":130,"column":12},"end":{"line":130,"column":6059}},"52":{"start":{"line":131,"column":16},"end":{"line":131,"column":77}},"53":{"start":{"line":132,"column":16},"end":{"line":132,"column":110}},"54":{"start":{"line":133,"column":16},"end":{"line":133,"column":100}},"55":{"start":{"line":134,"column":16},"end":{"line":134,"column":52}},"56":{"start":{"line":136,"column":12},"end":{"line":136,"column":60}},"57":{"start":{"line":138,"column":8},"end":{"line":138,"column":6544}},"58":{"start":{"line":139,"column":12},"end":{"line":139,"column":6724}},"59":{"start":{"line":141,"column":12},"end":{"line":141,"column":57}},"60":{"start":{"line":151,"column":8},"end":{"line":151,"column":48}},"61":{"start":{"line":153,"column":8},"end":{"line":153,"column":53}},"62":{"start":{"line":155,"column":8},"end":{"line":155,"column":36}},"63":{"start":{"line":159,"column":8},"end":{"line":159,"column":49}},"64":{"start":{"line":161,"column":8},"end":{"line":161,"column":7353}},"65":{"start":{"line":162,"column":12},"end":{"line":162,"column":51}},"66":{"start":{"line":163,"column":12},"end":{"line":163,"column":56}},"67":{"start":{"line":166,"column":8},"end":{"line":166,"column":30}},"68":{"start":{"line":167,"column":8},"end":{"line":167,"column":50}},"69":{"start":{"line":168,"column":8},"end":{"line":168,"column":46}},"70":{"start":{"line":170,"column":8},"end":{"line":170,"column":7677}},"71":{"start":{"line":178,"column":8},"end":{"line":178,"column":48}},"72":{"start":{"line":179,"column":8},"end":{"line":179,"column":87}},"73":{"start":{"line":180,"column":8},"end":{"line":180,"column":60}},"74":{"start":{"line":181,"column":8},"end":{"line":181,"column":43}},"75":{"start":{"line":182,"column":8},"end":{"line":182,"column":81}},"76":{"start":{"line":183,"column":8},"end":{"line":183,"column":41}},"77":{"start":{"line":187,"column":8},"end":{"line":187,"column":48}},"78":{"start":{"line":188,"column":8},"end":{"line":188,"column":52}},"79":{"start":{"line":190,"column":8},"end":{"line":190,"column":52}},"80":{"start":{"line":191,"column":8},"end":{"line":191,"column":60}},"81":{"start":{"line":192,"column":8},"end":{"line":192,"column":38}},"82":{"start":{"line":193,"column":8},"end":{"line":193,"column":41}},"83":{"start":{"line":197,"column":8},"end":{"line":197,"column":48}},"84":{"start":{"line":198,"column":8},"end":{"line":198,"column":52}},"85":{"start":{"line":199,"column":8},"end":{"line":199,"column":54}},"86":{"start":{"line":200,"column":8},"end":{"line":200,"column":63}},"87":{"start":{"line":201,"column":8},"end":{"line":201,"column":42}},"88":{"start":{"line":202,"column":8},"end":{"line":202,"column":45}},"89":{"start":{"line":203,"column":8},"end":{"line":203,"column":30}},"90":{"start":{"line":207,"column":8},"end":{"line":207,"column":53}},"91":{"start":{"line":208,"column":8},"end":{"line":208,"column":63}},"92":{"start":{"line":209,"column":8},"end":{"line":209,"column":41}},"93":{"start":{"line":210,"column":8},"end":{"line":210,"column":45}},"94":{"start":{"line":211,"column":8},"end":{"line":211,"column":30}},"95":{"start":{"line":219,"column":8},"end":{"line":219,"column":55}},"96":{"start":{"line":220,"column":8},"end":{"line":220,"column":48}},"97":{"start":{"line":221,"column":8},"end":{"line":221,"column":30}},"98":{"start":{"line":223,"column":8},"end":{"line":223,"column":9658}},"99":{"start":{"line":224,"column":12},"end":{"line":224,"column":52}},"100":{"start":{"line":226,"column":15},"end":{"line":226,"column":9779}},"101":{"start":{"line":227,"column":12},"end":{"line":227,"column":53}},"102":{"start":{"line":229,"column":8},"end":{"line":229,"column":62}},"103":{"start":{"line":231,"column":8},"end":{"line":231,"column":59}},"104":{"start":{"line":239,"column":8},"end":{"line":239,"column":55}},"105":{"start":{"line":240,"column":8},"end":{"line":240,"column":110}},"106":{"start":{"line":242,"column":8},"end":{"line":242,"column":48}},"107":{"start":{"line":244,"column":8},"end":{"line":244,"column":51}},"108":{"start":{"line":245,"column":8},"end":{"line":245,"column":44}},"109":{"start":{"line":246,"column":8},"end":{"line":246,"column":49}},"110":{"start":{"line":248,"column":8},"end":{"line":248,"column":40}},"111":{"start":{"line":252,"column":8},"end":{"line":252,"column":52}},"112":{"start":{"line":253,"column":8},"end":{"line":253,"column":52}},"113":{"start":{"line":257,"column":8},"end":{"line":257,"column":36}},"114":{"start":{"line":261,"column":8},"end":{"line":261,"column":73}},"115":{"start":{"line":265,"column":8},"end":{"line":265,"column":46}},"116":{"start":{"line":269,"column":8},"end":{"line":269,"column":48}},"117":{"start":{"line":270,"column":8},"end":{"line":270,"column":33}},"118":{"start":{"line":271,"column":8},"end":{"line":271,"column":11296}},"119":{"start":{"line":272,"column":12},"end":{"line":272,"column":78}},"120":{"start":{"line":274,"column":12},"end":{"line":274,"column":11473}},"121":{"start":{"line":275,"column":16},"end":{"line":275,"column":83}},"122":{"start":{"line":278,"column":8},"end":{"line":278,"column":60}}},"branchMap":{"1":{"line":59,"type":"if","locations":[{"start":{"line":59,"column":8},"end":{"line":59,"column":8}},{"start":{"line":59,"column":8},"end":{"line":59,"column":8}}]},"2":{"line":70,"type":"if","locations":[{"start":{"line":70,"column":8},"end":{"line":70,"column":8}},{"start":{"line":70,"column":8},"end":{"line":70,"column":8}}]},"3":{"line":78,"type":"if","locations":[{"start":{"line":78,"column":8},"end":{"line":78,"column":8}},{"start":{"line":78,"column":8},"end":{"line":78,"column":8}}]},"4":{"line":80,"type":"if","locations":[{"start":{"line":80,"column":12},"end":{"line":80,"column":12}},{"start":{"line":80,"column":12},"end":{"line":80,"column":12}}]},"5":{"line":83,"type":"if","locations":[{"start":{"line":83,"column":12},"end":{"line":83,"column":12}},{"start":{"line":83,"column":12},"end":{"line":83,"column":12}}]},"6":{"line":93,"type":"if","locations":[{"start":{"line":93,"column":8},"end":{"line":93,"column":8}},{"start":{"line":93,"column":8},"end":{"line":93,"column":8}}]},"7":{"line":99,"type":"if","locations":[{"start":{"line":99,"column":8},"end":{"line":99,"column":8}},{"start":{"line":99,"column":8},"end":{"line":99,"column":8}}]},"8":{"line":109,"type":"if","locations":[{"start":{"line":109,"column":12},"end":{"line":109,"column":12}},{"start":{"line":109,"column":12},"end":{"line":109,"column":12}}]},"9":{"line":110,"type":"if","locations":[{"start":{"line":110,"column":16},"end":{"line":110,"column":16}},{"start":{"line":110,"column":16},"end":{"line":110,"column":16}}]},"10":{"line":129,"type":"if","locations":[{"start":{"line":129,"column":8},"end":{"line":129,"column":8}},{"start":{"line":129,"column":8},"end":{"line":129,"column":8}}]},"11":{"line":130,"type":"if","locations":[{"start":{"line":130,"column":12},"end":{"line":130,"column":12}},{"start":{"line":130,"column":12},"end":{"line":130,"column":12}}]},"12":{"line":138,"type":"if","locations":[{"start":{"line":138,"column":8},"end":{"line":138,"column":8}},{"start":{"line":138,"column":8},"end":{"line":138,"column":8}}]},"13":{"line":161,"type":"if","locations":[{"start":{"line":161,"column":8},"end":{"line":161,"column":8}},{"start":{"line":161,"column":8},"end":{"line":161,"column":8}}]},"14":{"line":170,"type":"if","locations":[{"start":{"line":170,"column":8},"end":{"line":170,"column":8}},{"start":{"line":170,"column":8},"end":{"line":170,"column":8}}]},"15":{"line":180,"type":"if","locations":[{"start":{"line":180,"column":8},"end":{"line":180,"column":8}},{"start":{"line":180,"column":8},"end":{"line":180,"column":8}}]},"16":{"line":191,"type":"if","locations":[{"start":{"line":191,"column":8},"end":{"line":191,"column":8}},{"start":{"line":191,"column":8},"end":{"line":191,"column":8}}]},"17":{"line":200,"type":"if","locations":[{"start":{"line":200,"column":8},"end":{"line":200,"column":8}},{"start":{"line":200,"column":8},"end":{"line":200,"column":8}}]},"18":{"line":208,"type":"if","locations":[{"start":{"line":208,"column":8},"end":{"line":208,"column":8}},{"start":{"line":208,"column":8},"end":{"line":208,"column":8}}]},"19":{"line":219,"type":"if","locations":[{"start":{"line":219,"column":8},"end":{"line":219,"column":8}},{"start":{"line":219,"column":8},"end":{"line":219,"column":8}}]},"20":{"line":223,"type":"if","locations":[{"start":{"line":223,"column":8},"end":{"line":223,"column":8}},{"start":{"line":223,"column":8},"end":{"line":223,"column":8}}]},"21":{"line":226,"type":"if","locations":[{"start":{"line":226,"column":15},"end":{"line":226,"column":15}},{"start":{"line":226,"column":15},"end":{"line":226,"column":15}}]},"22":{"line":239,"type":"if","locations":[{"start":{"line":239,"column":8},"end":{"line":239,"column":8}},{"start":{"line":239,"column":8},"end":{"line":239,"column":8}}]},"23":{"line":240,"type":"if","locations":[{"start":{"line":240,"column":8},"end":{"line":240,"column":8}},{"start":{"line":240,"column":8},"end":{"line":240,"column":8}}]},"24":{"line":253,"type":"if","locations":[{"start":{"line":253,"column":8},"end":{"line":253,"column":8}},{"start":{"line":253,"column":8},"end":{"line":253,"column":8}}]},"25":{"line":271,"type":"if","locations":[{"start":{"line":271,"column":8},"end":{"line":271,"column":8}},{"start":{"line":271,"column":8},"end":{"line":271,"column":8}}]},"26":{"line":274,"type":"if","locations":[{"start":{"line":274,"column":12},"end":{"line":274,"column":12}},{"start":{"line":274,"column":12},"end":{"line":274,"column":12}}]}}},"contracts/Deb0xCore.sol":{"l":{"20":0,"24":166,"25":0,"26":0,"28":0,"31":166,"40":0,"48":0,"56":0,"64":0},"path":"/home/sergiu/Desktop/DEBOX/deb0x-faberweb3/contracts/Deb0xCore.sol","s":{"1":0,"2":166,"3":0,"4":0,"5":0,"6":166,"7":0,"8":0,"9":0,"10":0},"b":{"1":[0,0]},"f":{"1":0,"2":166,"3":0,"4":0,"5":0,"6":0},"fnMap":{"1":{"name":"setKey","line":19,"loc":{"start":{"line":19,"column":4},"end":{"line":21,"column":4}}},"2":{"name":"send","line":23,"loc":{"start":{"line":23,"column":4},"end":{"line":37,"column":4}}},"3":{"name":"getKey","line":39,"loc":{"start":{"line":39,"column":4},"end":{"line":41,"column":4}}},"4":{"name":"fetchMessages","line":43,"loc":{"start":{"line":43,"column":4},"end":{"line":49,"column":4}}},"5":{"name":"fetchMessageSenders","line":51,"loc":{"start":{"line":51,"column":4},"end":{"line":57,"column":4}}},"6":{"name":"fetchSentMessages","line":59,"loc":{"start":{"line":59,"column":4},"end":{"line":65,"column":4}}}},"statementMap":{"1":{"start":{"line":20,"column":8},"end":{"line":20,"column":49}},"2":{"start":{"line":24,"column":8},"end":{"line":24,"column":629}},"3":{"start":{"line":25,"column":12},"end":{"line":25,"column":699}},"4":{"start":{"line":26,"column":16},"end":{"line":26,"column":61}},"5":{"start":{"line":28,"column":12},"end":{"line":28,"column":57}},"6":{"start":{"line":31,"column":8},"end":{"line":31,"column":904}},"7":{"start":{"line":40,"column":8},"end":{"line":40,"column":38}},"8":{"start":{"line":48,"column":8},"end":{"line":48,"column":30}},"9":{"start":{"line":56,"column":8},"end":{"line":56,"column":33}},"10":{"start":{"line":64,"column":8},"end":{"line":64,"column":29}}},"branchMap":{"1":{"line":25,"type":"if","locations":[{"start":{"line":25,"column":12},"end":{"line":25,"column":12}},{"start":{"line":25,"column":12},"end":{"line":25,"column":12}}]}}},"contracts/Deb0xERC20.sol":{"l":{"10":0},"path":"/home/sergiu/Desktop/DEBOX/deb0x-faberweb3/contracts/Deb0xERC20.sol","s":{"1":0},"b":{},"f":{"1":0},"fnMap":{"1":{"name":"constructor","line":9,"loc":{"start":{"line":9,"column":4},"end":{"line":12,"column":4}}}},"statementMap":{"1":{"start":{"line":10,"column":8},"end":{"line":10,"column":33}}},"branchMap":{}},"contracts/Deb0xGovernor.sol":{"l":{},"path":"/home/sergiu/Desktop/DEBOX/deb0x-faberweb3/contracts/Deb0xGovernor.sol","s":{},"b":{},"f":{},"fnMap":{},"statementMap":{},"branchMap":{}},"contracts/ERC20Standard.sol":{"l":{"9":3},"path":"/home/sergiu/Desktop/DEBOX/deb0x-faberweb3/contracts/ERC20Standard.sol","s":{"1":3},"b":{},"f":{"1":3},"fnMap":{"1":{"name":"constructor","line":8,"loc":{"start":{"line":8,"column":4},"end":{"line":10,"column":4}}}},"statementMap":{"1":{"start":{"line":9,"column":8},"end":{"line":9,"column":40}}},"branchMap":{}},"contracts/ERC20StandardB.sol":{"l":{"9":3},"path":"/home/sergiu/Desktop/DEBOX/deb0x-faberweb3/contracts/ERC20StandardB.sol","s":{"1":3},"b":{},"f":{"1":3},"fnMap":{"1":{"name":"constructor","line":8,"loc":{"start":{"line":8,"column":4},"end":{"line":10,"column":4}}}},"statementMap":{"1":{"start":{"line":9,"column":8},"end":{"line":9,"column":40}}},"branchMap":{}},"contracts/Rewarder.sol":{"l":{"21":18,"22":18,"23":18,"24":18,"28":22,"29":22,"30":10,"31":10,"32":10,"33":10,"35":22,"36":13,"37":9,"39":13,"41":22,"45":13,"47":13,"48":13,"49":13,"53":35,"64":10,"68":9,"69":9},"path":"/home/sergiu/Desktop/DEBOX/deb0x-faberweb3/contracts/Rewarder.sol","s":{"1":18,"2":18,"3":18,"4":18,"5":22,"6":22,"7":10,"8":10,"9":10,"10":10,"11":22,"12":13,"13":9,"14":13,"15":13,"16":13,"17":35,"18":10,"19":9,"20":9},"b":{"1":[10,12],"2":[13,9],"3":[9,4]},"f":{"1":18,"2":22,"3":13,"4":35,"5":10,"6":9},"fnMap":{"1":{"name":"constructor","line":20,"loc":{"start":{"line":20,"column":4},"end":{"line":25,"column":4}}},"2":{"name":"notify","line":27,"loc":{"start":{"line":27,"column":4},"end":{"line":42,"column":4}}},"3":{"name":"send","line":44,"loc":{"start":{"line":44,"column":4},"end":{"line":50,"column":4}}},"4":{"name":"getCurrentCycle","line":52,"loc":{"start":{"line":52,"column":4},"end":{"line":54,"column":4}}},"5":{"name":"calculateCycleReward","line":63,"loc":{"start":{"line":63,"column":4},"end":{"line":65,"column":4}}},"6":{"name":"claimRewards","line":67,"loc":{"start":{"line":67,"column":4},"end":{"line":70,"column":4}}}},"statementMap":{"1":{"start":{"line":21,"column":8},"end":{"line":21,"column":41}},"2":{"start":{"line":22,"column":8},"end":{"line":22,"column":30}},"3":{"start":{"line":23,"column":8},"end":{"line":23,"column":31}},"4":{"start":{"line":24,"column":8},"end":{"line":24,"column":30}},"5":{"start":{"line":28,"column":8},"end":{"line":28,"column":48}},"6":{"start":{"line":29,"column":8},"end":{"line":29,"column":788}},"7":{"start":{"line":30,"column":12},"end":{"line":30,"column":47}},"8":{"start":{"line":31,"column":12},"end":{"line":31,"column":66}},"9":{"start":{"line":32,"column":12},"end":{"line":32,"column":53}},"10":{"start":{"line":33,"column":12},"end":{"line":33,"column":63}},"11":{"start":{"line":35,"column":8},"end":{"line":35,"column":1086}},"12":{"start":{"line":36,"column":12},"end":{"line":36,"column":1148}},"13":{"start":{"line":37,"column":16},"end":{"line":37,"column":158}},"14":{"start":{"line":39,"column":12},"end":{"line":39,"column":41}},"15":{"start":{"line":45,"column":8},"end":{"line":45,"column":48}},"16":{"start":{"line":49,"column":8},"end":{"line":49,"column":49}},"17":{"start":{"line":53,"column":8},"end":{"line":53,"column":69}},"18":{"start":{"line":64,"column":8},"end":{"line":64,"column":46}},"19":{"start":{"line":68,"column":8},"end":{"line":68,"column":61}},"20":{"start":{"line":69,"column":8},"end":{"line":69,"column":37}}},"branchMap":{"1":{"line":29,"type":"if","locations":[{"start":{"line":29,"column":8},"end":{"line":29,"column":8}},{"start":{"line":29,"column":8},"end":{"line":29,"column":8}}]},"2":{"line":35,"type":"if","locations":[{"start":{"line":35,"column":8},"end":{"line":35,"column":8}},{"start":{"line":35,"column":8},"end":{"line":35,"column":8}}]},"3":{"line":36,"type":"if","locations":[{"start":{"line":36,"column":12},"end":{"line":36,"column":12}},{"start":{"line":36,"column":12},"end":{"line":36,"column":12}}]}}},"contracts/StakingRewards.sol":{"l":{"31":0,"36":0,"38":0,"39":0,"41":0,"45":0,"49":0,"53":0,"55":0,"56":0,"58":0,"62":0,"63":0,"65":0,"72":0,"73":0,"74":0,"78":0,"79":0,"81":0,"82":0,"83":0,"87":0,"88":0,"89":0,"90":0,"91":0,"95":0,"96":0,"98":0,"99":0,"100":0,"104":0,"108":0,"110":0,"111":0,"113":0,"117":0,"118":0,"122":0},"path":"/home/sergiu/Desktop/DEBOX/deb0x-faberweb3/contracts/StakingRewards.sol","s":{"1":0,"2":0,"3":0,"4":0,"5":0,"6":0,"7":0,"8":0,"9":0,"10":0,"11":0,"12":0,"13":0,"14":0,"15":0,"16":0,"17":0,"18":0,"19":0,"20":0,"21":0,"22":0,"23":0,"24":0,"25":0,"26":0,"27":0,"28":0,"29":0,"30":0,"31":0,"32":0,"33":0,"34":0,"35":0,"36":0,"37":0,"38":0,"39":0},"b":{"1":[0,0],"2":[0,0],"3":[0,0],"4":[0,0],"5":[0,0],"6":[0,0],"7":[0,0],"8":[0,0],"9":[0,0],"10":[0,0]},"f":{"1":0,"2":0,"3":0,"4":0,"5":0,"6":0,"7":0,"8":0,"9":0,"10":0,"11":0,"12":0,"13":0,"14":0},"fnMap":{"1":{"name":"constructor","line":30,"loc":{"start":{"line":30,"column":4},"end":{"line":33,"column":4}}},"2":{"name":"initialize","line":35,"loc":{"start":{"line":35,"column":4},"end":{"line":42,"column":4}}},"3":{"name":"setKey","line":44,"loc":{"start":{"line":44,"column":4},"end":{"line":46,"column":4}}},"4":{"name":"getKey","line":48,"loc":{"start":{"line":48,"column":4},"end":{"line":50,"column":4}}},"5":{"name":"send","line":52,"loc":{"start":{"line":52,"column":4},"end":{"line":59,"column":4}}},"6":{"name":"rewardPerToken","line":61,"loc":{"start":{"line":61,"column":4},"end":{"line":68,"column":4}}},"7":{"name":"earned","line":70,"loc":{"start":{"line":70,"column":4},"end":{"line":75,"column":4}}},"8":{"name":"updateReward","line":77,"loc":{"start":{"line":77,"column":4},"end":{"line":84,"column":4}}},"9":{"name":"stake","line":86,"loc":{"start":{"line":86,"column":4},"end":{"line":92,"column":4}}},"10":{"name":"unStake","line":94,"loc":{"start":{"line":94,"column":4},"end":{"line":101,"column":4}}},"11":{"name":"fetchMessages","line":103,"loc":{"start":{"line":103,"column":4},"end":{"line":105,"column":4}}},"12":{"name":"getReward","line":107,"loc":{"start":{"line":107,"column":4},"end":{"line":114,"column":4}}},"13":{"name":"sendViaCall","line":116,"loc":{"start":{"line":116,"column":4},"end":{"line":119,"column":4}}},"14":{"name":"contractBalance","line":121,"loc":{"start":{"line":121,"column":4},"end":{"line":123,"column":4}}}},"statementMap":{"1":{"start":{"line":31,"column":7},"end":{"line":31,"column":48}},"2":{"start":{"line":36,"column":8},"end":{"line":36,"column":86}},"3":{"start":{"line":38,"column":8},"end":{"line":38,"column":66}},"4":{"start":{"line":39,"column":8},"end":{"line":39,"column":61}},"5":{"start":{"line":41,"column":8},"end":{"line":41,"column":28}},"6":{"start":{"line":45,"column":8},"end":{"line":45,"column":49}},"7":{"start":{"line":49,"column":8},"end":{"line":49,"column":38}},"8":{"start":{"line":53,"column":8},"end":{"line":53,"column":95}},"9":{"start":{"line":55,"column":8},"end":{"line":55,"column":52}},"10":{"start":{"line":56,"column":8},"end":{"line":56,"column":49}},"11":{"start":{"line":58,"column":8},"end":{"line":58,"column":33}},"12":{"start":{"line":62,"column":8},"end":{"line":62,"column":1717}},"13":{"start":{"line":63,"column":12},"end":{"line":63,"column":20}},"14":{"start":{"line":65,"column":8},"end":{"line":65,"column":1859}},"15":{"start":{"line":72,"column":8},"end":{"line":72,"column":141}},"16":{"start":{"line":73,"column":9},"end":{"line":73,"column":46}},"17":{"start":{"line":74,"column":8},"end":{"line":74,"column":25}},"18":{"start":{"line":78,"column":8},"end":{"line":78,"column":46}},"19":{"start":{"line":79,"column":8},"end":{"line":79,"column":39}},"20":{"start":{"line":81,"column":8},"end":{"line":81,"column":41}},"21":{"start":{"line":82,"column":8},"end":{"line":82,"column":61}},"22":{"start":{"line":87,"column":9},"end":{"line":87,"column":57}},"23":{"start":{"line":88,"column":10},"end":{"line":88,"column":104}},"24":{"start":{"line":89,"column":8},"end":{"line":89,"column":30}},"25":{"start":{"line":90,"column":8},"end":{"line":90,"column":39}},"26":{"start":{"line":91,"column":8},"end":{"line":91,"column":66}},"27":{"start":{"line":95,"column":8},"end":{"line":95,"column":56}},"28":{"start":{"line":96,"column":8},"end":{"line":96,"column":86}},"29":{"start":{"line":98,"column":8},"end":{"line":98,"column":30}},"30":{"start":{"line":99,"column":8},"end":{"line":99,"column":39}},"31":{"start":{"line":100,"column":8},"end":{"line":100,"column":47}},"32":{"start":{"line":104,"column":8},"end":{"line":104,"column":27}},"33":{"start":{"line":108,"column":8},"end":{"line":108,"column":41}},"34":{"start":{"line":110,"column":8},"end":{"line":110,"column":46}},"35":{"start":{"line":111,"column":8},"end":{"line":111,"column":30}},"36":{"start":{"line":113,"column":8},"end":{"line":113,"column":47}},"37":{"start":{"line":117,"column":8},"end":{"line":117,"column":56}},"38":{"start":{"line":118,"column":8},"end":{"line":118,"column":60}},"39":{"start":{"line":122,"column":8},"end":{"line":122,"column":36}}},"branchMap":{"1":{"line":36,"type":"if","locations":[{"start":{"line":36,"column":8},"end":{"line":36,"column":8}},{"start":{"line":36,"column":8},"end":{"line":36,"column":8}}]},"2":{"line":53,"type":"if","locations":[{"start":{"line":53,"column":8},"end":{"line":53,"column":8}},{"start":{"line":53,"column":8},"end":{"line":53,"column":8}}]},"3":{"line":62,"type":"if","locations":[{"start":{"line":62,"column":8},"end":{"line":62,"column":8}},{"start":{"line":62,"column":8},"end":{"line":62,"column":8}}]},"4":{"line":73,"type":"if","locations":[{"start":{"line":73,"column":9},"end":{"line":73,"column":9}},{"start":{"line":73,"column":9},"end":{"line":73,"column":9}}]},"5":{"line":87,"type":"if","locations":[{"start":{"line":87,"column":9},"end":{"line":87,"column":9}},{"start":{"line":87,"column":9},"end":{"line":87,"column":9}}]},"6":{"line":88,"type":"if","locations":[{"start":{"line":88,"column":10},"end":{"line":88,"column":10}},{"start":{"line":88,"column":10},"end":{"line":88,"column":10}}]},"7":{"line":95,"type":"if","locations":[{"start":{"line":95,"column":8},"end":{"line":95,"column":8}},{"start":{"line":95,"column":8},"end":{"line":95,"column":8}}]},"8":{"line":96,"type":"if","locations":[{"start":{"line":96,"column":8},"end":{"line":96,"column":8}},{"start":{"line":96,"column":8},"end":{"line":96,"column":8}}]},"9":{"line":110,"type":"if","locations":[{"start":{"line":110,"column":8},"end":{"line":110,"column":8}},{"start":{"line":110,"column":8},"end":{"line":110,"column":8}}]},"10":{"line":118,"type":"if","locations":[{"start":{"line":118,"column":8},"end":{"line":118,"column":8}},{"start":{"line":118,"column":8},"end":{"line":118,"column":8}}]}}}}