{"contracts/DBX.sol":{"l":{"10":135,"14":74,"15":72},"path":"/home/sergiu/Desktop/DEBOX/deb0x-faberweb3/contracts/DBX.sol","s":{"1":135,"2":74,"3":72},"b":{"1":[72,2]},"f":{"1":135,"2":74},"fnMap":{"1":{"name":"constructor","line":9,"loc":{"start":{"line":9,"column":4},"end":{"line":11,"column":4}}},"2":{"name":"mintReward","line":13,"loc":{"start":{"line":13,"column":4},"end":{"line":16,"column":4}}}},"statementMap":{"1":{"start":{"line":10,"column":8},"end":{"line":10,"column":25}},"2":{"start":{"line":14,"column":8},"end":{"line":14,"column":68}},"3":{"start":{"line":15,"column":8},"end":{"line":15,"column":26}}},"branchMap":{"1":{"line":14,"type":"if","locations":[{"start":{"line":14,"column":8},"end":{"line":14,"column":8}},{"start":{"line":14,"column":8},"end":{"line":14,"column":8}}]}}},"contracts/Deb0x.sol":{"l":{"49":129,"50":129,"51":129,"52":129,"53":129,"54":129,"58":341,"59":341,"60":67,"61":67,"62":67,"63":67,"65":341,"69":341,"70":341,"71":67,"72":67,"73":67,"74":67,"75":66,"78":340,"79":206,"80":206,"81":206,"83":206,"84":46,"85":46,"86":46,"87":46,"89":206,"93":340,"94":145,"96":145,"99":340,"100":12,"101":12,"102":12,"103":12,"106":12,"107":12,"109":12,"110":2,"111":1,"112":1,"113":1,"114":1,"117":1,"118":1,"120":1,"121":1,"125":340,"129":212,"130":48,"131":16,"132":16,"133":16,"134":16,"136":48,"138":212,"139":48,"141":48,"151":201,"153":201,"155":201,"157":201,"158":201,"159":201,"161":201,"162":67,"163":67,"166":201,"167":201,"168":201,"170":201,"178":69,"179":69,"180":69,"181":67,"182":67,"183":67,"187":2,"188":2,"190":2,"191":2,"192":1,"193":1,"197":9,"198":9,"199":9,"200":9,"201":8,"202":8,"203":8,"207":48,"208":48,"209":47,"210":47,"211":47,"219":16,"220":15,"221":15,"223":15,"224":12,"227":3,"229":15,"231":15,"239":6,"240":5,"242":4,"244":4,"245":4,"246":4,"248":4,"252":55,"253":55,"257":3,"261":992,"265":136,"269":10,"270":10,"271":10,"272":4,"274":4,"275":1,"278":10},"path":"/home/sergiu/Desktop/DEBOX/deb0x-faberweb3/contracts/Deb0x.sol","s":{"1":129,"2":129,"3":129,"4":129,"5":129,"6":129,"7":341,"8":341,"9":67,"10":67,"11":67,"12":67,"13":341,"14":341,"15":67,"16":67,"17":67,"18":67,"19":66,"20":340,"21":206,"22":206,"23":206,"24":206,"25":46,"26":46,"27":46,"28":46,"29":206,"30":340,"31":145,"32":145,"33":340,"34":12,"35":12,"36":12,"37":12,"38":12,"39":12,"40":12,"41":2,"42":1,"43":1,"44":1,"45":1,"46":1,"47":1,"48":1,"49":1,"50":212,"51":48,"52":16,"53":16,"54":16,"55":16,"56":48,"57":212,"58":48,"59":48,"60":201,"61":201,"62":201,"63":201,"64":201,"65":67,"66":67,"67":201,"68":201,"69":201,"70":201,"71":69,"72":69,"73":69,"74":67,"75":67,"76":67,"77":2,"78":2,"79":2,"80":2,"81":1,"82":1,"83":9,"84":9,"85":9,"86":9,"87":8,"88":8,"89":8,"90":48,"91":48,"92":47,"93":47,"94":47,"95":16,"96":15,"97":15,"98":15,"99":12,"100":3,"101":3,"102":15,"103":15,"104":6,"105":5,"106":4,"107":4,"108":4,"109":4,"110":4,"111":55,"112":55,"113":3,"114":992,"115":136,"116":10,"117":10,"118":10,"119":4,"120":4,"121":1,"122":10},"b":{"1":[67,274],"2":[67,274],"3":[206,134],"4":[206,0],"5":[46,160],"6":[145,195],"7":[12,328],"8":[2,10],"9":[1,1],"10":[48,164],"11":[16,32],"12":[48,164],"13":[67,134],"14":[187,14],"15":[67,2],"16":[1,1],"17":[8,1],"18":[47,1],"19":[15,1],"20":[12,3],"21":[3,0],"22":[5,1],"23":[4,1],"24":[55,0],"25":[4,6],"26":[1,3]},"f":{"1":129,"2":341,"3":341,"4":212,"5":201,"6":69,"7":2,"8":9,"9":48,"10":16,"11":6,"12":55,"13":3,"14":992,"15":136,"16":10},"fnMap":{"1":{"name":"constructor","line":48,"loc":{"start":{"line":48,"column":4},"end":{"line":55,"column":4}}},"2":{"name":"setUpNewCycle","line":57,"loc":{"start":{"line":57,"column":4},"end":{"line":66,"column":4}}},"3":{"name":"notify","line":68,"loc":{"start":{"line":68,"column":4},"end":{"line":126,"column":4}}},"4":{"name":"updateFrontEndStats","line":128,"loc":{"start":{"line":128,"column":4},"end":{"line":143,"column":4}}},"5":{"name":"send","line":149,"loc":{"start":{"line":145,"column":4},"end":{"line":175,"column":4}}},"6":{"name":"claimRewards","line":177,"loc":{"start":{"line":177,"column":4},"end":{"line":184,"column":4}}},"7":{"name":"claimFrontEndRewards","line":186,"loc":{"start":{"line":186,"column":4},"end":{"line":194,"column":4}}},"8":{"name":"claimFrontEndFees","line":196,"loc":{"start":{"line":196,"column":4},"end":{"line":204,"column":4}}},"9":{"name":"claimFees","line":206,"loc":{"start":{"line":206,"column":4},"end":{"line":212,"column":4}}},"10":{"name":"stakeDBX","line":217,"loc":{"start":{"line":214,"column":4},"end":{"line":232,"column":4}}},"11":{"name":"unstake","line":237,"loc":{"start":{"line":234,"column":4},"end":{"line":249,"column":4}}},"12":{"name":"sendViaCall","line":251,"loc":{"start":{"line":251,"column":4},"end":{"line":254,"column":4}}},"13":{"name":"contractBalance","line":256,"loc":{"start":{"line":256,"column":4},"end":{"line":258,"column":4}}},"14":{"name":"getCurrentCycle","line":260,"loc":{"start":{"line":260,"column":4},"end":{"line":262,"column":4}}},"15":{"name":"calculateCycleReward","line":264,"loc":{"start":{"line":264,"column":4},"end":{"line":266,"column":4}}},"16":{"name":"getUserWithdrawableStake","line":268,"loc":{"start":{"line":268,"column":4},"end":{"line":279,"column":4}}}},"statementMap":{"1":{"start":{"line":49,"column":8},"end":{"line":49,"column":22}},"2":{"start":{"line":50,"column":8},"end":{"line":50,"column":43}},"3":{"start":{"line":51,"column":8},"end":{"line":51,"column":32}},"4":{"start":{"line":52,"column":8},"end":{"line":52,"column":38}},"5":{"start":{"line":53,"column":8},"end":{"line":53,"column":40}},"6":{"start":{"line":54,"column":8},"end":{"line":54,"column":37}},"7":{"start":{"line":58,"column":8},"end":{"line":58,"column":48}},"8":{"start":{"line":59,"column":8},"end":{"line":59,"column":2052}},"9":{"start":{"line":60,"column":12},"end":{"line":60,"column":47}},"10":{"start":{"line":61,"column":12},"end":{"line":61,"column":66}},"11":{"start":{"line":62,"column":12},"end":{"line":62,"column":53}},"12":{"start":{"line":63,"column":12},"end":{"line":63,"column":63}},"13":{"start":{"line":69,"column":8},"end":{"line":69,"column":48}},"14":{"start":{"line":70,"column":8},"end":{"line":70,"column":2457}},"15":{"start":{"line":71,"column":12},"end":{"line":71,"column":66}},"16":{"start":{"line":72,"column":12},"end":{"line":72,"column":120}},"17":{"start":{"line":73,"column":12},"end":{"line":73,"column":27}},"18":{"start":{"line":74,"column":12},"end":{"line":74,"column":113}},"19":{"start":{"line":75,"column":12},"end":{"line":75,"column":106}},"20":{"start":{"line":78,"column":8},"end":{"line":78,"column":2964}},"21":{"start":{"line":79,"column":12},"end":{"line":79,"column":158}},"22":{"start":{"line":80,"column":12},"end":{"line":80,"column":3239}},"23":{"start":{"line":81,"column":16},"end":{"line":81,"column":61}},"24":{"start":{"line":83,"column":12},"end":{"line":83,"column":3385}},"25":{"start":{"line":84,"column":16},"end":{"line":84,"column":87}},"26":{"start":{"line":85,"column":16},"end":{"line":85,"column":89}},"27":{"start":{"line":86,"column":16},"end":{"line":86,"column":53}},"28":{"start":{"line":87,"column":16},"end":{"line":87,"column":47}},"29":{"start":{"line":89,"column":12},"end":{"line":89,"column":41}},"30":{"start":{"line":93,"column":8},"end":{"line":93,"column":3805}},"31":{"start":{"line":94,"column":12},"end":{"line":94,"column":3977}},"32":{"start":{"line":96,"column":12},"end":{"line":96,"column":53}},"33":{"start":{"line":99,"column":8},"end":{"line":99,"column":4150}},"34":{"start":{"line":100,"column":12},"end":{"line":100,"column":93}},"35":{"start":{"line":101,"column":12},"end":{"line":101,"column":56}},"36":{"start":{"line":102,"column":12},"end":{"line":102,"column":63}},"37":{"start":{"line":103,"column":12},"end":{"line":103,"column":4575}},"38":{"start":{"line":106,"column":12},"end":{"line":106,"column":67}},"39":{"start":{"line":107,"column":12},"end":{"line":107,"column":38}},"40":{"start":{"line":109,"column":12},"end":{"line":109,"column":4855}},"41":{"start":{"line":110,"column":16},"end":{"line":110,"column":4911}},"42":{"start":{"line":111,"column":24},"end":{"line":111,"column":107}},"43":{"start":{"line":112,"column":24},"end":{"line":112,"column":69}},"44":{"start":{"line":113,"column":24},"end":{"line":113,"column":76}},"45":{"start":{"line":114,"column":24},"end":{"line":114,"column":5354}},"46":{"start":{"line":117,"column":24},"end":{"line":117,"column":80}},"47":{"start":{"line":118,"column":24},"end":{"line":118,"column":51}},"48":{"start":{"line":120,"column":28},"end":{"line":120,"column":77}},"49":{"start":{"line":121,"column":28},"end":{"line":121,"column":55}},"50":{"start":{"line":129,"column":8},"end":{"line":129,"column":5987}},"51":{"start":{"line":130,"column":12},"end":{"line":130,"column":6059}},"52":{"start":{"line":131,"column":16},"end":{"line":131,"column":77}},"53":{"start":{"line":132,"column":16},"end":{"line":132,"column":110}},"54":{"start":{"line":133,"column":16},"end":{"line":133,"column":100}},"55":{"start":{"line":134,"column":16},"end":{"line":134,"column":52}},"56":{"start":{"line":136,"column":12},"end":{"line":136,"column":60}},"57":{"start":{"line":138,"column":8},"end":{"line":138,"column":6544}},"58":{"start":{"line":139,"column":12},"end":{"line":139,"column":6724}},"59":{"start":{"line":141,"column":12},"end":{"line":141,"column":57}},"60":{"start":{"line":151,"column":8},"end":{"line":151,"column":48}},"61":{"start":{"line":153,"column":8},"end":{"line":153,"column":53}},"62":{"start":{"line":155,"column":8},"end":{"line":155,"column":36}},"63":{"start":{"line":159,"column":8},"end":{"line":159,"column":49}},"64":{"start":{"line":161,"column":8},"end":{"line":161,"column":7353}},"65":{"start":{"line":162,"column":12},"end":{"line":162,"column":51}},"66":{"start":{"line":163,"column":12},"end":{"line":163,"column":56}},"67":{"start":{"line":166,"column":8},"end":{"line":166,"column":30}},"68":{"start":{"line":167,"column":8},"end":{"line":167,"column":50}},"69":{"start":{"line":168,"column":8},"end":{"line":168,"column":46}},"70":{"start":{"line":170,"column":8},"end":{"line":170,"column":7677}},"71":{"start":{"line":178,"column":8},"end":{"line":178,"column":48}},"72":{"start":{"line":179,"column":8},"end":{"line":179,"column":87}},"73":{"start":{"line":180,"column":8},"end":{"line":180,"column":60}},"74":{"start":{"line":181,"column":8},"end":{"line":181,"column":43}},"75":{"start":{"line":182,"column":8},"end":{"line":182,"column":81}},"76":{"start":{"line":183,"column":8},"end":{"line":183,"column":41}},"77":{"start":{"line":187,"column":8},"end":{"line":187,"column":48}},"78":{"start":{"line":188,"column":8},"end":{"line":188,"column":52}},"79":{"start":{"line":190,"column":8},"end":{"line":190,"column":52}},"80":{"start":{"line":191,"column":8},"end":{"line":191,"column":60}},"81":{"start":{"line":192,"column":8},"end":{"line":192,"column":38}},"82":{"start":{"line":193,"column":8},"end":{"line":193,"column":41}},"83":{"start":{"line":197,"column":8},"end":{"line":197,"column":48}},"84":{"start":{"line":198,"column":8},"end":{"line":198,"column":52}},"85":{"start":{"line":199,"column":8},"end":{"line":199,"column":54}},"86":{"start":{"line":200,"column":8},"end":{"line":200,"column":63}},"87":{"start":{"line":201,"column":8},"end":{"line":201,"column":42}},"88":{"start":{"line":202,"column":8},"end":{"line":202,"column":45}},"89":{"start":{"line":203,"column":8},"end":{"line":203,"column":30}},"90":{"start":{"line":207,"column":8},"end":{"line":207,"column":53}},"91":{"start":{"line":208,"column":8},"end":{"line":208,"column":63}},"92":{"start":{"line":209,"column":8},"end":{"line":209,"column":41}},"93":{"start":{"line":210,"column":8},"end":{"line":210,"column":45}},"94":{"start":{"line":211,"column":8},"end":{"line":211,"column":30}},"95":{"start":{"line":219,"column":8},"end":{"line":219,"column":55}},"96":{"start":{"line":220,"column":8},"end":{"line":220,"column":48}},"97":{"start":{"line":221,"column":8},"end":{"line":221,"column":30}},"98":{"start":{"line":223,"column":8},"end":{"line":223,"column":9658}},"99":{"start":{"line":224,"column":12},"end":{"line":224,"column":52}},"100":{"start":{"line":226,"column":15},"end":{"line":226,"column":9779}},"101":{"start":{"line":227,"column":12},"end":{"line":227,"column":53}},"102":{"start":{"line":229,"column":8},"end":{"line":229,"column":62}},"103":{"start":{"line":231,"column":8},"end":{"line":231,"column":59}},"104":{"start":{"line":239,"column":8},"end":{"line":239,"column":55}},"105":{"start":{"line":240,"column":8},"end":{"line":240,"column":110}},"106":{"start":{"line":242,"column":8},"end":{"line":242,"column":48}},"107":{"start":{"line":244,"column":8},"end":{"line":244,"column":51}},"108":{"start":{"line":245,"column":8},"end":{"line":245,"column":44}},"109":{"start":{"line":246,"column":8},"end":{"line":246,"column":49}},"110":{"start":{"line":248,"column":8},"end":{"line":248,"column":40}},"111":{"start":{"line":252,"column":8},"end":{"line":252,"column":52}},"112":{"start":{"line":253,"column":8},"end":{"line":253,"column":52}},"113":{"start":{"line":257,"column":8},"end":{"line":257,"column":36}},"114":{"start":{"line":261,"column":8},"end":{"line":261,"column":73}},"115":{"start":{"line":265,"column":8},"end":{"line":265,"column":46}},"116":{"start":{"line":269,"column":8},"end":{"line":269,"column":48}},"117":{"start":{"line":270,"column":8},"end":{"line":270,"column":33}},"118":{"start":{"line":271,"column":8},"end":{"line":271,"column":11296}},"119":{"start":{"line":272,"column":12},"end":{"line":272,"column":78}},"120":{"start":{"line":274,"column":12},"end":{"line":274,"column":11473}},"121":{"start":{"line":275,"column":16},"end":{"line":275,"column":83}},"122":{"start":{"line":278,"column":8},"end":{"line":278,"column":60}}},"branchMap":{"1":{"line":59,"type":"if","locations":[{"start":{"line":59,"column":8},"end":{"line":59,"column":8}},{"start":{"line":59,"column":8},"end":{"line":59,"column":8}}]},"2":{"line":70,"type":"if","locations":[{"start":{"line":70,"column":8},"end":{"line":70,"column":8}},{"start":{"line":70,"column":8},"end":{"line":70,"column":8}}]},"3":{"line":78,"type":"if","locations":[{"start":{"line":78,"column":8},"end":{"line":78,"column":8}},{"start":{"line":78,"column":8},"end":{"line":78,"column":8}}]},"4":{"line":80,"type":"if","locations":[{"start":{"line":80,"column":12},"end":{"line":80,"column":12}},{"start":{"line":80,"column":12},"end":{"line":80,"column":12}}]},"5":{"line":83,"type":"if","locations":[{"start":{"line":83,"column":12},"end":{"line":83,"column":12}},{"start":{"line":83,"column":12},"end":{"line":83,"column":12}}]},"6":{"line":93,"type":"if","locations":[{"start":{"line":93,"column":8},"end":{"line":93,"column":8}},{"start":{"line":93,"column":8},"end":{"line":93,"column":8}}]},"7":{"line":99,"type":"if","locations":[{"start":{"line":99,"column":8},"end":{"line":99,"column":8}},{"start":{"line":99,"column":8},"end":{"line":99,"column":8}}]},"8":{"line":109,"type":"if","locations":[{"start":{"line":109,"column":12},"end":{"line":109,"column":12}},{"start":{"line":109,"column":12},"end":{"line":109,"column":12}}]},"9":{"line":110,"type":"if","locations":[{"start":{"line":110,"column":16},"end":{"line":110,"column":16}},{"start":{"line":110,"column":16},"end":{"line":110,"column":16}}]},"10":{"line":129,"type":"if","locations":[{"start":{"line":129,"column":8},"end":{"line":129,"column":8}},{"start":{"line":129,"column":8},"end":{"line":129,"column":8}}]},"11":{"line":130,"type":"if","locations":[{"start":{"line":130,"column":12},"end":{"line":130,"column":12}},{"start":{"line":130,"column":12},"end":{"line":130,"column":12}}]},"12":{"line":138,"type":"if","locations":[{"start":{"line":138,"column":8},"end":{"line":138,"column":8}},{"start":{"line":138,"column":8},"end":{"line":138,"column":8}}]},"13":{"line":161,"type":"if","locations":[{"start":{"line":161,"column":8},"end":{"line":161,"column":8}},{"start":{"line":161,"column":8},"end":{"line":161,"column":8}}]},"14":{"line":170,"type":"if","locations":[{"start":{"line":170,"column":8},"end":{"line":170,"column":8}},{"start":{"line":170,"column":8},"end":{"line":170,"column":8}}]},"15":{"line":180,"type":"if","locations":[{"start":{"line":180,"column":8},"end":{"line":180,"column":8}},{"start":{"line":180,"column":8},"end":{"line":180,"column":8}}]},"16":{"line":191,"type":"if","locations":[{"start":{"line":191,"column":8},"end":{"line":191,"column":8}},{"start":{"line":191,"column":8},"end":{"line":191,"column":8}}]},"17":{"line":200,"type":"if","locations":[{"start":{"line":200,"column":8},"end":{"line":200,"column":8}},{"start":{"line":200,"column":8},"end":{"line":200,"column":8}}]},"18":{"line":208,"type":"if","locations":[{"start":{"line":208,"column":8},"end":{"line":208,"column":8}},{"start":{"line":208,"column":8},"end":{"line":208,"column":8}}]},"19":{"line":219,"type":"if","locations":[{"start":{"line":219,"column":8},"end":{"line":219,"column":8}},{"start":{"line":219,"column":8},"end":{"line":219,"column":8}}]},"20":{"line":223,"type":"if","locations":[{"start":{"line":223,"column":8},"end":{"line":223,"column":8}},{"start":{"line":223,"column":8},"end":{"line":223,"column":8}}]},"21":{"line":226,"type":"if","locations":[{"start":{"line":226,"column":15},"end":{"line":226,"column":15}},{"start":{"line":226,"column":15},"end":{"line":226,"column":15}}]},"22":{"line":239,"type":"if","locations":[{"start":{"line":239,"column":8},"end":{"line":239,"column":8}},{"start":{"line":239,"column":8},"end":{"line":239,"column":8}}]},"23":{"line":240,"type":"if","locations":[{"start":{"line":240,"column":8},"end":{"line":240,"column":8}},{"start":{"line":240,"column":8},"end":{"line":240,"column":8}}]},"24":{"line":253,"type":"if","locations":[{"start":{"line":253,"column":8},"end":{"line":253,"column":8}},{"start":{"line":253,"column":8},"end":{"line":253,"column":8}}]},"25":{"line":271,"type":"if","locations":[{"start":{"line":271,"column":8},"end":{"line":271,"column":8}},{"start":{"line":271,"column":8},"end":{"line":271,"column":8}}]},"26":{"line":274,"type":"if","locations":[{"start":{"line":274,"column":12},"end":{"line":274,"column":12}},{"start":{"line":274,"column":12},"end":{"line":274,"column":12}}]}}},"contracts/Deb0xCore.sol":{"l":{"20":1,"24":207,"25":227,"26":98,"28":227,"31":207,"40":1,"48":7,"56":9,"64":1},"path":"/home/sergiu/Desktop/DEBOX/deb0x-faberweb3/contracts/Deb0xCore.sol","s":{"1":1,"2":207,"3":227,"4":98,"5":227,"6":207,"7":1,"8":7,"9":9,"10":1},"b":{"1":[98,129]},"f":{"1":1,"2":207,"3":1,"4":7,"5":9,"6":1},"fnMap":{"1":{"name":"setKey","line":19,"loc":{"start":{"line":19,"column":4},"end":{"line":21,"column":4}}},"2":{"name":"send","line":23,"loc":{"start":{"line":23,"column":4},"end":{"line":37,"column":4}}},"3":{"name":"getKey","line":39,"loc":{"start":{"line":39,"column":4},"end":{"line":41,"column":4}}},"4":{"name":"fetchMessages","line":43,"loc":{"start":{"line":43,"column":4},"end":{"line":49,"column":4}}},"5":{"name":"fetchMessageSenders","line":51,"loc":{"start":{"line":51,"column":4},"end":{"line":57,"column":4}}},"6":{"name":"fetchSentMessages","line":59,"loc":{"start":{"line":59,"column":4},"end":{"line":65,"column":4}}}},"statementMap":{"1":{"start":{"line":20,"column":8},"end":{"line":20,"column":49}},"2":{"start":{"line":24,"column":8},"end":{"line":24,"column":658}},"3":{"start":{"line":25,"column":12},"end":{"line":25,"column":729}},"4":{"start":{"line":26,"column":16},"end":{"line":26,"column":61}},"5":{"start":{"line":28,"column":12},"end":{"line":28,"column":57}},"6":{"start":{"line":31,"column":8},"end":{"line":31,"column":934}},"7":{"start":{"line":40,"column":8},"end":{"line":40,"column":38}},"8":{"start":{"line":48,"column":8},"end":{"line":48,"column":30}},"9":{"start":{"line":56,"column":8},"end":{"line":56,"column":33}},"10":{"start":{"line":64,"column":8},"end":{"line":64,"column":29}}},"branchMap":{"1":{"line":25,"type":"if","locations":[{"start":{"line":25,"column":12},"end":{"line":25,"column":12}},{"start":{"line":25,"column":12},"end":{"line":25,"column":12}}]}}},"contracts/Deb0xERC20.sol":{"l":{"10":3},"path":"/home/sergiu/Desktop/DEBOX/deb0x-faberweb3/contracts/Deb0xERC20.sol","s":{"1":3},"b":{},"f":{"1":3},"fnMap":{"1":{"name":"constructor","line":9,"loc":{"start":{"line":9,"column":4},"end":{"line":12,"column":4}}}},"statementMap":{"1":{"start":{"line":10,"column":8},"end":{"line":10,"column":33}}},"branchMap":{}},"contracts/Deb0xGovernor.sol":{"l":{},"path":"/home/sergiu/Desktop/DEBOX/deb0x-faberweb3/contracts/Deb0xGovernor.sol","s":{},"b":{},"f":{},"fnMap":{},"statementMap":{},"branchMap":{}},"contracts/ERC20Standard.sol":{"l":{"9":3},"path":"/home/sergiu/Desktop/DEBOX/deb0x-faberweb3/contracts/ERC20Standard.sol","s":{"1":3},"b":{},"f":{"1":3},"fnMap":{"1":{"name":"constructor","line":8,"loc":{"start":{"line":8,"column":4},"end":{"line":10,"column":4}}}},"statementMap":{"1":{"start":{"line":9,"column":8},"end":{"line":9,"column":40}}},"branchMap":{}},"contracts/ERC20StandardB.sol":{"l":{"9":3},"path":"/home/sergiu/Desktop/DEBOX/deb0x-faberweb3/contracts/ERC20StandardB.sol","s":{"1":3},"b":{},"f":{"1":3},"fnMap":{"1":{"name":"constructor","line":8,"loc":{"start":{"line":8,"column":4},"end":{"line":10,"column":4}}}},"statementMap":{"1":{"start":{"line":9,"column":8},"end":{"line":9,"column":40}}},"branchMap":{}},"contracts/Rewarder.sol":{"l":{"21":18,"22":18,"23":18,"24":18,"28":22,"29":22,"30":10,"31":10,"32":10,"33":10,"35":22,"36":13,"37":9,"39":13,"41":22,"45":13,"47":13,"48":13,"49":13,"53":35,"64":10,"68":9,"69":9},"path":"/home/sergiu/Desktop/DEBOX/deb0x-faberweb3/contracts/Rewarder.sol","s":{"1":18,"2":18,"3":18,"4":18,"5":22,"6":22,"7":10,"8":10,"9":10,"10":10,"11":22,"12":13,"13":9,"14":13,"15":13,"16":13,"17":35,"18":10,"19":9,"20":9},"b":{"1":[10,12],"2":[13,9],"3":[9,4]},"f":{"1":18,"2":22,"3":13,"4":35,"5":10,"6":9},"fnMap":{"1":{"name":"constructor","line":20,"loc":{"start":{"line":20,"column":4},"end":{"line":25,"column":4}}},"2":{"name":"notify","line":27,"loc":{"start":{"line":27,"column":4},"end":{"line":42,"column":4}}},"3":{"name":"send","line":44,"loc":{"start":{"line":44,"column":4},"end":{"line":50,"column":4}}},"4":{"name":"getCurrentCycle","line":52,"loc":{"start":{"line":52,"column":4},"end":{"line":54,"column":4}}},"5":{"name":"calculateCycleReward","line":63,"loc":{"start":{"line":63,"column":4},"end":{"line":65,"column":4}}},"6":{"name":"claimRewards","line":67,"loc":{"start":{"line":67,"column":4},"end":{"line":70,"column":4}}}},"statementMap":{"1":{"start":{"line":21,"column":8},"end":{"line":21,"column":41}},"2":{"start":{"line":22,"column":8},"end":{"line":22,"column":30}},"3":{"start":{"line":23,"column":8},"end":{"line":23,"column":31}},"4":{"start":{"line":24,"column":8},"end":{"line":24,"column":30}},"5":{"start":{"line":28,"column":8},"end":{"line":28,"column":48}},"6":{"start":{"line":29,"column":8},"end":{"line":29,"column":788}},"7":{"start":{"line":30,"column":12},"end":{"line":30,"column":47}},"8":{"start":{"line":31,"column":12},"end":{"line":31,"column":66}},"9":{"start":{"line":32,"column":12},"end":{"line":32,"column":53}},"10":{"start":{"line":33,"column":12},"end":{"line":33,"column":63}},"11":{"start":{"line":35,"column":8},"end":{"line":35,"column":1086}},"12":{"start":{"line":36,"column":12},"end":{"line":36,"column":1148}},"13":{"start":{"line":37,"column":16},"end":{"line":37,"column":158}},"14":{"start":{"line":39,"column":12},"end":{"line":39,"column":41}},"15":{"start":{"line":45,"column":8},"end":{"line":45,"column":48}},"16":{"start":{"line":49,"column":8},"end":{"line":49,"column":49}},"17":{"start":{"line":53,"column":8},"end":{"line":53,"column":69}},"18":{"start":{"line":64,"column":8},"end":{"line":64,"column":46}},"19":{"start":{"line":68,"column":8},"end":{"line":68,"column":61}},"20":{"start":{"line":69,"column":8},"end":{"line":69,"column":37}}},"branchMap":{"1":{"line":29,"type":"if","locations":[{"start":{"line":29,"column":8},"end":{"line":29,"column":8}},{"start":{"line":29,"column":8},"end":{"line":29,"column":8}}]},"2":{"line":35,"type":"if","locations":[{"start":{"line":35,"column":8},"end":{"line":35,"column":8}},{"start":{"line":35,"column":8},"end":{"line":35,"column":8}}]},"3":{"line":36,"type":"if","locations":[{"start":{"line":36,"column":12},"end":{"line":36,"column":12}},{"start":{"line":36,"column":12},"end":{"line":36,"column":12}}]}}},"contracts/StakingRewards.sol":{"l":{"31":0,"36":0,"38":0,"39":0,"41":0,"45":0,"49":0,"53":0,"55":0,"56":0,"58":0,"62":0,"63":0,"65":0,"72":0,"73":0,"74":0,"78":0,"79":0,"81":0,"82":0,"83":0,"87":0,"88":0,"89":0,"90":0,"91":0,"95":0,"96":0,"98":0,"99":0,"100":0,"104":0,"108":0,"110":0,"111":0,"113":0,"117":0,"118":0,"122":0},"path":"/home/sergiu/Desktop/DEBOX/deb0x-faberweb3/contracts/StakingRewards.sol","s":{"1":0,"2":0,"3":0,"4":0,"5":0,"6":0,"7":0,"8":0,"9":0,"10":0,"11":0,"12":0,"13":0,"14":0,"15":0,"16":0,"17":0,"18":0,"19":0,"20":0,"21":0,"22":0,"23":0,"24":0,"25":0,"26":0,"27":0,"28":0,"29":0,"30":0,"31":0,"32":0,"33":0,"34":0,"35":0,"36":0,"37":0,"38":0,"39":0},"b":{"1":[0,0],"2":[0,0],"3":[0,0],"4":[0,0],"5":[0,0],"6":[0,0],"7":[0,0],"8":[0,0],"9":[0,0],"10":[0,0]},"f":{"1":0,"2":0,"3":0,"4":0,"5":0,"6":0,"7":0,"8":0,"9":0,"10":0,"11":0,"12":0,"13":0,"14":0},"fnMap":{"1":{"name":"constructor","line":30,"loc":{"start":{"line":30,"column":4},"end":{"line":33,"column":4}}},"2":{"name":"initialize","line":35,"loc":{"start":{"line":35,"column":4},"end":{"line":42,"column":4}}},"3":{"name":"setKey","line":44,"loc":{"start":{"line":44,"column":4},"end":{"line":46,"column":4}}},"4":{"name":"getKey","line":48,"loc":{"start":{"line":48,"column":4},"end":{"line":50,"column":4}}},"5":{"name":"send","line":52,"loc":{"start":{"line":52,"column":4},"end":{"line":59,"column":4}}},"6":{"name":"rewardPerToken","line":61,"loc":{"start":{"line":61,"column":4},"end":{"line":68,"column":4}}},"7":{"name":"earned","line":70,"loc":{"start":{"line":70,"column":4},"end":{"line":75,"column":4}}},"8":{"name":"updateReward","line":77,"loc":{"start":{"line":77,"column":4},"end":{"line":84,"column":4}}},"9":{"name":"stake","line":86,"loc":{"start":{"line":86,"column":4},"end":{"line":92,"column":4}}},"10":{"name":"unStake","line":94,"loc":{"start":{"line":94,"column":4},"end":{"line":101,"column":4}}},"11":{"name":"fetchMessages","line":103,"loc":{"start":{"line":103,"column":4},"end":{"line":105,"column":4}}},"12":{"name":"getReward","line":107,"loc":{"start":{"line":107,"column":4},"end":{"line":114,"column":4}}},"13":{"name":"sendViaCall","line":116,"loc":{"start":{"line":116,"column":4},"end":{"line":119,"column":4}}},"14":{"name":"contractBalance","line":121,"loc":{"start":{"line":121,"column":4},"end":{"line":123,"column":4}}}},"statementMap":{"1":{"start":{"line":31,"column":7},"end":{"line":31,"column":48}},"2":{"start":{"line":36,"column":8},"end":{"line":36,"column":86}},"3":{"start":{"line":38,"column":8},"end":{"line":38,"column":66}},"4":{"start":{"line":39,"column":8},"end":{"line":39,"column":61}},"5":{"start":{"line":41,"column":8},"end":{"line":41,"column":28}},"6":{"start":{"line":45,"column":8},"end":{"line":45,"column":49}},"7":{"start":{"line":49,"column":8},"end":{"line":49,"column":38}},"8":{"start":{"line":53,"column":8},"end":{"line":53,"column":95}},"9":{"start":{"line":55,"column":8},"end":{"line":55,"column":52}},"10":{"start":{"line":56,"column":8},"end":{"line":56,"column":49}},"11":{"start":{"line":58,"column":8},"end":{"line":58,"column":33}},"12":{"start":{"line":62,"column":8},"end":{"line":62,"column":1717}},"13":{"start":{"line":63,"column":12},"end":{"line":63,"column":20}},"14":{"start":{"line":65,"column":8},"end":{"line":65,"column":1859}},"15":{"start":{"line":72,"column":8},"end":{"line":72,"column":141}},"16":{"start":{"line":73,"column":9},"end":{"line":73,"column":46}},"17":{"start":{"line":74,"column":8},"end":{"line":74,"column":25}},"18":{"start":{"line":78,"column":8},"end":{"line":78,"column":46}},"19":{"start":{"line":79,"column":8},"end":{"line":79,"column":39}},"20":{"start":{"line":81,"column":8},"end":{"line":81,"column":41}},"21":{"start":{"line":82,"column":8},"end":{"line":82,"column":61}},"22":{"start":{"line":87,"column":9},"end":{"line":87,"column":57}},"23":{"start":{"line":88,"column":10},"end":{"line":88,"column":104}},"24":{"start":{"line":89,"column":8},"end":{"line":89,"column":30}},"25":{"start":{"line":90,"column":8},"end":{"line":90,"column":39}},"26":{"start":{"line":91,"column":8},"end":{"line":91,"column":66}},"27":{"start":{"line":95,"column":8},"end":{"line":95,"column":56}},"28":{"start":{"line":96,"column":8},"end":{"line":96,"column":86}},"29":{"start":{"line":98,"column":8},"end":{"line":98,"column":30}},"30":{"start":{"line":99,"column":8},"end":{"line":99,"column":39}},"31":{"start":{"line":100,"column":8},"end":{"line":100,"column":47}},"32":{"start":{"line":104,"column":8},"end":{"line":104,"column":27}},"33":{"start":{"line":108,"column":8},"end":{"line":108,"column":41}},"34":{"start":{"line":110,"column":8},"end":{"line":110,"column":46}},"35":{"start":{"line":111,"column":8},"end":{"line":111,"column":30}},"36":{"start":{"line":113,"column":8},"end":{"line":113,"column":47}},"37":{"start":{"line":117,"column":8},"end":{"line":117,"column":56}},"38":{"start":{"line":118,"column":8},"end":{"line":118,"column":60}},"39":{"start":{"line":122,"column":8},"end":{"line":122,"column":36}}},"branchMap":{"1":{"line":36,"type":"if","locations":[{"start":{"line":36,"column":8},"end":{"line":36,"column":8}},{"start":{"line":36,"column":8},"end":{"line":36,"column":8}}]},"2":{"line":53,"type":"if","locations":[{"start":{"line":53,"column":8},"end":{"line":53,"column":8}},{"start":{"line":53,"column":8},"end":{"line":53,"column":8}}]},"3":{"line":62,"type":"if","locations":[{"start":{"line":62,"column":8},"end":{"line":62,"column":8}},{"start":{"line":62,"column":8},"end":{"line":62,"column":8}}]},"4":{"line":73,"type":"if","locations":[{"start":{"line":73,"column":9},"end":{"line":73,"column":9}},{"start":{"line":73,"column":9},"end":{"line":73,"column":9}}]},"5":{"line":87,"type":"if","locations":[{"start":{"line":87,"column":9},"end":{"line":87,"column":9}},{"start":{"line":87,"column":9},"end":{"line":87,"column":9}}]},"6":{"line":88,"type":"if","locations":[{"start":{"line":88,"column":10},"end":{"line":88,"column":10}},{"start":{"line":88,"column":10},"end":{"line":88,"column":10}}]},"7":{"line":95,"type":"if","locations":[{"start":{"line":95,"column":8},"end":{"line":95,"column":8}},{"start":{"line":95,"column":8},"end":{"line":95,"column":8}}]},"8":{"line":96,"type":"if","locations":[{"start":{"line":96,"column":8},"end":{"line":96,"column":8}},{"start":{"line":96,"column":8},"end":{"line":96,"column":8}}]},"9":{"line":110,"type":"if","locations":[{"start":{"line":110,"column":8},"end":{"line":110,"column":8}},{"start":{"line":110,"column":8},"end":{"line":110,"column":8}}]},"10":{"line":118,"type":"if","locations":[{"start":{"line":118,"column":8},"end":{"line":118,"column":8}},{"start":{"line":118,"column":8},"end":{"line":118,"column":8}}]}}}}